<?xml version="1.0" encoding="UTF-8" ?>
<testsuite tests="6" failures="0" name="SolutionTest" time="0.441" errors="0" skipped="0">
  <properties>
[...]
</properties>
  <testcase classname="SolutionTest" name="givenSegmentLengthEqualZero_whenEvaluateLeader_thenReturnIllegalArgumentException" time="0.007"/>
  <testcase classname="SolutionTest" name="givenSegmentLengthGreaterArrayLength_whenEvaluateLeader_thenReturnIllegalArgumentException" time="0"/>
  <testcase classname="SolutionTest" name="givenEmptyArray_whenEvaluateLeader_thenReturnIllegalArgumentException" time="0.001"/>
  <testcase classname="SolutionTest" name="givenArrayElementIsNotWithinRange_whenEvaluateLeader_thenReturnIllegalArgumentException" time="0.143"/>
  <testcase classname="SolutionTest" name="givenArrayLength7_whenEvaluateLeader_thenReturnArrayOfLeaders" time="0.289"/>
  <testcase classname="SolutionTest" name="givenArrayLength4_whenEvaluateLeader_thenReturnArrayOfLeaders" time="0.001"/>
</testsuite>